<?xml version="1.0" encoding="UTF-8"?>
<testsuite xmlns:xsi="http://www.w3.org/2001/XMLSchema-instance" xsi:schemaLocation="https://maven.apache.org/surefire/maven-surefire-plugin/xsd/surefire-test-report.xsd" name="ru.mipt.java2017.homework.g696.mikhaylov.task1.MyCalculatorTest" time="10.398" tests="22" errors="0" skipped="0" failures="0">
  <properties>
[...]
</properties>
  <testcase name="testBadString on testBadString(ru.mipt.java2017.homework.g696.mikhaylov.task1.MyCalculatorTest)" classname="ru.mipt.java2017.homework.g696.mikhaylov.task1.MyCalculatorTest" time="0.004"/>
  <testcase name="testBadSymbolAtStart on testBadSymbolAtStart(ru.mipt.java2017.homework.g696.mikhaylov.task1.MyCalculatorTest)" classname="ru.mipt.java2017.homework.g696.mikhaylov.task1.MyCalculatorTest" time="0"/>
  <testcase name="testPlainOrdering on testPlainOrdering(ru.mipt.java2017.homework.g696.mikhaylov.task1.MyCalculatorTest)" classname="ru.mipt.java2017.homework.g696.mikhaylov.task1.MyCalculatorTest" time="0.003"/>
  <testcase name="testMinus on testMinus(ru.mipt.java2017.homework.g696.mikhaylov.task1.MyCalculatorTest)" classname="ru.mipt.java2017.homework.g696.mikhaylov.task1.MyCalculatorTest" time="0.003"/>
  <testcase name="testNull on testNull(ru.mipt.java2017.homework.g696.mikhaylov.task1.MyCalculatorTest)" classname="ru.mipt.java2017.homework.g696.mikhaylov.task1.MyCalculatorTest" time="0"/>
  <testcase name="testPlusPlus on testPlusPlus(ru.mipt.java2017.homework.g696.mikhaylov.task1.MyCalculatorTest)" classname="ru.mipt.java2017.homework.g696.mikhaylov.task1.MyCalculatorTest" time="0"/>
  <testcase name="testDivisionAssociativity on testDivisionAssociativity(ru.mipt.java2017.homework.g696.mikhaylov.task1.MyCalculatorTest)" classname="ru.mipt.java2017.homework.g696.mikhaylov.task1.MyCalculatorTest" time="0.001"/>
  <testcase name="testBasicOps on testBasicOps(ru.mipt.java2017.homework.g696.mikhaylov.task1.MyCalculatorTest)" classname="ru.mipt.java2017.homework.g696.mikhaylov.task1.MyCalculatorTest" time="0.002"/>
  <testcase name="testTooMuchBraces on testTooMuchBraces(ru.mipt.java2017.homework.g696.mikhaylov.task1.MyCalculatorTest)" classname="ru.mipt.java2017.homework.g696.mikhaylov.task1.MyCalculatorTest" time="0.001"/>
  <testcase name="testTooFewBraces on testTooFewBraces(ru.mipt.java2017.homework.g696.mikhaylov.task1.MyCalculatorTest)" classname="ru.mipt.java2017.homework.g696.mikhaylov.task1.MyCalculatorTest" time="0"/>
  <testcase name="testBadSymbolInDigitEnd on testBadSymbolInDigitEnd(ru.mipt.java2017.homework.g696.mikhaylov.task1.MyCalculatorTest)" classname="ru.mipt.java2017.homework.g696.mikhaylov.task1.MyCalculatorTest" time="0"/>
  <testcase name="testBadSymbolInDigitStart on testBadSymbolInDigitStart(ru.mipt.java2017.homework.g696.mikhaylov.task1.MyCalculatorTest)" classname="ru.mipt.java2017.homework.g696.mikhaylov.task1.MyCalculatorTest" time="0.001"/>
  <testcase name="testAdditionalSpaceSymbols on testAdditionalSpaceSymbols(ru.mipt.java2017.homework.g696.mikhaylov.task1.MyCalculatorTest)" classname="ru.mipt.java2017.homework.g696.mikhaylov.task1.MyCalculatorTest" time="0.001"/>
  <testcase name="testEmptyBraces on testEmptyBraces(ru.mipt.java2017.homework.g696.mikhaylov.task1.MyCalculatorTest)" classname="ru.mipt.java2017.homework.g696.mikhaylov.task1.MyCalculatorTest" time="0"/>
  <testcase name="testSpacesString on testSpacesString(ru.mipt.java2017.homework.g696.mikhaylov.task1.MyCalculatorTest)" classname="ru.mipt.java2017.homework.g696.mikhaylov.task1.MyCalculatorTest" time="0"/>
  <testcase name="testEmptyString on testEmptyString(ru.mipt.java2017.homework.g696.mikhaylov.task1.MyCalculatorTest)" classname="ru.mipt.java2017.homework.g696.mikhaylov.task1.MyCalculatorTest" time="0"/>
  <testcase name="testBracesOrdering on testBracesOrdering(ru.mipt.java2017.homework.g696.mikhaylov.task1.MyCalculatorTest)" classname="ru.mipt.java2017.homework.g696.mikhaylov.task1.MyCalculatorTest" time="0.002"/>
  <testcase name="testDivisionByZero on testDivisionByZero(ru.mipt.java2017.homework.g696.mikhaylov.task1.MyCalculatorTest)" classname="ru.mipt.java2017.homework.g696.mikhaylov.task1.MyCalculatorTest" time="0.001"/>
  <testcase name="testUnaryMultiply on testUnaryMultiply(ru.mipt.java2017.homework.g696.mikhaylov.task1.MyCalculatorTest)" classname="ru.mipt.java2017.homework.g696.mikhaylov.task1.MyCalculatorTest" time="0"/>
  <testcase name="testOver9k on testOver9k(ru.mipt.java2017.homework.g696.mikhaylov.task1.MyCalculatorTest)" classname="ru.mipt.java2017.homework.g696.mikhaylov.task1.MyCalculatorTest" time="0"/>
  <testcase name="testSpaces on testSpaces(ru.mipt.java2017.homework.g696.mikhaylov.task1.MyCalculatorTest)" classname="ru.mipt.java2017.homework.g696.mikhaylov.task1.MyCalculatorTest" time="0.002"/>
  <testcase name="testBadNumber on testBadNumber(ru.mipt.java2017.homework.g696.mikhaylov.task1.MyCalculatorTest)" classname="ru.mipt.java2017.homework.g696.mikhaylov.task1.MyCalculatorTest" time="0"/>
</testsuite>