<?xml version="1.0" encoding="UTF-8"?>
<!-- Generated by org.testng.reporters.JUnitXMLReporter -->
<testsuite hostname="nikita.local" ignored="0" name="Surefire test" tests="22" failures="0" timestamp="05 окт 2017 20:50:26 GMT" time="0.129" errors="0">
  <testcase name="testBadString on testBadString(ru.mipt.java2017.homework.g696.mikhaylov.task1.MyCalculatorTest)" time="0.031" classname="ru.mipt.java2017.homework.tests.task1.AbstractCalculatorTest"/>
  <testcase name="testBadSymbolAtStart on testBadSymbolAtStart(ru.mipt.java2017.homework.g696.mikhaylov.task1.MyCalculatorTest)" time="0.028" classname="ru.mipt.java2017.homework.tests.task1.AbstractCalculatorTest"/>
  <testcase name="testPlainOrdering on testPlainOrdering(ru.mipt.java2017.homework.g696.mikhaylov.task1.MyCalculatorTest)" time="0.032" classname="ru.mipt.java2017.homework.tests.task1.AbstractCalculatorTest"/>
  <testcase name="testMinus on testMinus(ru.mipt.java2017.homework.g696.mikhaylov.task1.MyCalculatorTest)" time="0.035" classname="ru.mipt.java2017.homework.tests.task1.AbstractCalculatorTest"/>
  <testcase name="testNull on testNull(ru.mipt.java2017.homework.g696.mikhaylov.task1.MyCalculatorTest)" time="0.038" classname="ru.mipt.java2017.homework.tests.task1.AbstractCalculatorTest"/>
  <testcase name="testPlusPlus on testPlusPlus(ru.mipt.java2017.homework.g696.mikhaylov.task1.MyCalculatorTest)" time="0.037" classname="ru.mipt.java2017.homework.tests.task1.AbstractCalculatorTest"/>
  <testcase name="testDivisionAssociativity on testDivisionAssociativity(ru.mipt.java2017.homework.g696.mikhaylov.task1.MyCalculatorTest)" time="0.038" classname="ru.mipt.java2017.homework.tests.task1.AbstractCalculatorTest"/>
  <testcase name="testBasicOps on testBasicOps(ru.mipt.java2017.homework.g696.mikhaylov.task1.MyCalculatorTest)" time="0.04" classname="ru.mipt.java2017.homework.tests.task1.AbstractCalculatorTest"/>
  <testcase name="testTooMuchBraces on testTooMuchBraces(ru.mipt.java2017.homework.g696.mikhaylov.task1.MyCalculatorTest)" time="0.039" classname="ru.mipt.java2017.homework.tests.task1.AbstractCalculatorTest"/>
  <testcase name="testTooFewBraces on testTooFewBraces(ru.mipt.java2017.homework.g696.mikhaylov.task1.MyCalculatorTest)" time="0.04" classname="ru.mipt.java2017.homework.tests.task1.AbstractCalculatorTest"/>
  <testcase name="testBadSymbolInDigitEnd on testBadSymbolInDigitEnd(ru.mipt.java2017.homework.g696.mikhaylov.task1.MyCalculatorTest)" time="0.04" classname="ru.mipt.java2017.homework.tests.task1.AbstractCalculatorTest"/>
  <testcase name="testBadSymbolInDigitStart on testBadSymbolInDigitStart(ru.mipt.java2017.homework.g696.mikhaylov.task1.MyCalculatorTest)" time="0.04" classname="ru.mipt.java2017.homework.tests.task1.AbstractCalculatorTest"/>
  <testcase name="testAdditionalSpaceSymbols on testAdditionalSpaceSymbols(ru.mipt.java2017.homework.g696.mikhaylov.task1.MyCalculatorTest)" time="0.041" classname="ru.mipt.java2017.homework.tests.task1.AbstractCalculatorTest"/>
  <testcase name="testEmptyBraces on testEmptyBraces(ru.mipt.java2017.homework.g696.mikhaylov.task1.MyCalculatorTest)" time="0.04" classname="ru.mipt.java2017.homework.tests.task1.AbstractCalculatorTest"/>
  <testcase name="testSpacesString on testSpacesString(ru.mipt.java2017.homework.g696.mikhaylov.task1.MyCalculatorTest)" time="0.041" classname="ru.mipt.java2017.homework.tests.task1.AbstractCalculatorTest"/>
  <testcase name="testEmptyString on testEmptyString(ru.mipt.java2017.homework.g696.mikhaylov.task1.MyCalculatorTest)" time="0.042" classname="ru.mipt.java2017.homework.tests.task1.AbstractCalculatorTest"/>
  <testcase name="testBracesOrdering on testBracesOrdering(ru.mipt.java2017.homework.g696.mikhaylov.task1.MyCalculatorTest)" time="0.044" classname="ru.mipt.java2017.homework.tests.task1.AbstractCalculatorTest"/>
  <testcase name="testDivisionByZero on testDivisionByZero(ru.mipt.java2017.homework.g696.mikhaylov.task1.MyCalculatorTest)" time="0.043" classname="ru.mipt.java2017.homework.tests.task1.AbstractCalculatorTest"/>
  <testcase name="testUnaryMultiply on testUnaryMultiply(ru.mipt.java2017.homework.g696.mikhaylov.task1.MyCalculatorTest)" time="0.044" classname="ru.mipt.java2017.homework.tests.task1.AbstractCalculatorTest"/>
  <testcase name="testOver9k on testOver9k(ru.mipt.java2017.homework.g696.mikhaylov.task1.MyCalculatorTest)" time="0.044" classname="ru.mipt.java2017.homework.tests.task1.AbstractCalculatorTest"/>
  <testcase name="testSpaces on testSpaces(ru.mipt.java2017.homework.g696.mikhaylov.task1.MyCalculatorTest)" time="0.046" classname="ru.mipt.java2017.homework.tests.task1.AbstractCalculatorTest"/>
  <testcase name="testBadNumber on testBadNumber(ru.mipt.java2017.homework.g696.mikhaylov.task1.MyCalculatorTest)" time="0.045" classname="ru.mipt.java2017.homework.tests.task1.AbstractCalculatorTest"/>
</testsuite> <!-- Surefire test -->
